MyFirstJob/proguard/seeds.txt
com.example.myfirstjob.AboutUS
com.example.myfirstjob.AboutUS: AboutUS()
com.example.myfirstjob.Answer
com.example.myfirstjob.Answer: Answer()
com.example.myfirstjob.Camera
com.example.myfirstjob.Camera: Camera()
com.example.myfirstjob.CreateQuest
com.example.myfirstjob.CreateQuest: CreateQuest()
com.example.myfirstjob.ExperActivity
com.example.myfirstjob.ExperActivity: ExperActivity()
com.example.myfirstjob.ExperDetail
com.example.myfirstjob.ExperDetail: ExperDetail()
com.example.myfirstjob.Experience
com.example.myfirstjob.Experience: Experience()
com.example.myfirstjob.Feedback
com.example.myfirstjob.Feedback: Feedback()
com.example.myfirstjob.FrameActivity
com.example.myfirstjob.FrameActivity: FrameActivity()
com.example.myfirstjob.IndiActivity
com.example.myfirstjob.IndiActivity: IndiActivity()
com.example.myfirstjob.IndiActivity$ReleseReceiver
com.example.myfirstjob.Login
com.example.myfirstjob.Login: Login()
com.example.myfirstjob.MyAttention
com.example.myfirstjob.MyAttention: MyAttention()
com.example.myfirstjob.MyAttention$ReleseReceiver
com.example.myfirstjob.MyCollection
com.example.myfirstjob.MyCollection: MyCollection()
com.example.myfirstjob.MyCollection$ReleseReceiver
com.example.myfirstjob.PersionIfo
com.example.myfirstjob.PersionIfo: PersionIfo()
com.example.myfirstjob.QuestActivity
com.example.myfirstjob.QuestActivity: QuestActivity()
com.example.myfirstjob.QuestActivity$ReleseReceiver
com.example.myfirstjob.QuestDetail
com.example.myfirstjob.QuestDetail: QuestDetail()
com.example.myfirstjob.QuestDetail$ReleseReceiver
com.example.myfirstjob.R$color: int aliceblue
com.example.myfirstjob.R$color: int antiquewhite
com.example.myfirstjob.R$color: int aqua
com.example.myfirstjob.R$color: int aquamarine
com.example.myfirstjob.R$color: int azure
com.example.myfirstjob.R$color: int beige
com.example.myfirstjob.R$color: int bisque
com.example.myfirstjob.R$color: int black
com.example.myfirstjob.R$color: int blanchedalmond
com.example.myfirstjob.R$color: int blue
com.example.myfirstjob.R$color: int blueviolet
com.example.myfirstjob.R$color: int brown
com.example.myfirstjob.R$color: int burlywood
com.example.myfirstjob.R$color: int button_background_color
com.example.myfirstjob.R$color: int button_border
com.example.myfirstjob.R$color: int button_text_color
com.example.myfirstjob.R$color: int cadetblue
com.example.myfirstjob.R$color: int chartreuse
com.example.myfirstjob.R$color: int chocolate
com.example.myfirstjob.R$color: int coral
com.example.myfirstjob.R$color: int cornflowerblue
com.example.myfirstjob.R$color: int cornsilk
com.example.myfirstjob.R$color: int crimson
com.example.myfirstjob.R$color: int cyan
com.example.myfirstjob.R$color: int darkblue
com.example.myfirstjob.R$color: int darkcyan
com.example.myfirstjob.R$color: int darkgoldenrod
com.example.myfirstjob.R$color: int darkgray
com.example.myfirstjob.R$color: int darkgreen
com.example.myfirstjob.R$color: int darkkhaki
com.example.myfirstjob.R$color: int darkmagenta
com.example.myfirstjob.R$color: int darkolivegreen
com.example.myfirstjob.R$dimen: int activity_horizontal_margin
com.example.myfirstjob.R$dimen: int activity_vertical_margin
...
android.support.v4.os.ParcelableCompatCreatorCallbacks
android.support.v4.os.ParcelableCompatCreatorCallbacks: java.lang.Object createFromParcel(android.os.Parcel,java.lang.ClassLoader)
android.support.v4.os.ParcelableCompatCreatorCallbacks: java.lang.Object[] newArray(int)
android.support.v4.os.ParcelableCompatCreatorHoneycombMR2
android.support.v4.os.ParcelableCompatCreatorHoneycombMR2: android.support.v4.os.ParcelableCompatCreatorCallbacks mCallbacks
android.support.v4.os.ParcelableCompatCreatorHoneycombMR2: ParcelableCompatCreatorHoneycombMR2(android.support.v4.os.ParcelableCompatCreatorCallbacks)
android.support.v4.os.ParcelableCompatCreatorHoneycombMR2: java.lang.Object createFromParcel(android.os.Parcel)
android.support.v4.os.ParcelableCompatCreatorHoneycombMR2: java.lang.Object createFromParcel(android.os.Parcel,java.lang.ClassLoader)
android.support.v4.os.ParcelableCompatCreatorHoneycombMR2: java.lang.Object[] newArray(int)
android.support.v4.os.ParcelableCompatCreatorHoneycombMR2Stub
android.support.v4.os.ParcelableCompatCreatorHoneycombMR2Stub: ParcelableCompatCreatorHoneycombMR2Stub()
android.support.v4.os.ParcelableCompatCreatorHoneycombMR2Stub: android.os.Parcelable$Creator instantiate(android.support.v4.os.ParcelableCompatCreatorCallbacks)
android.support.v4.print.PrintHelper
android.support.v4.print.PrintHelper: int SCALE_MODE_FIT
android.support.v4.print.PrintHelper: int SCALE_MODE_FILL
android.support.v4.print.PrintHelper: int COLOR_MODE_MONOCHROME
android.support.v4.print.PrintHelper: int COLOR_MODE_COLOR
android.support.v4.print.PrintHelper: android.support.v4.print.PrintHelper$PrintHelperVersionImpl mImpl
android.support.v4.print.PrintHelper: boolean systemSupportsPrint()
android.support.v4.print.PrintHelper: PrintHelper(android.content.Context)
android.support.v4.print.PrintHelper: void setScaleMode(int)
android.support.v4.print.PrintHelper: int getScaleMode()
android.support.v4.print.PrintHelper: void setColorMode(int)
android.support.v4.print.PrintHelper: int getColorMode()
android.support.v4.print.PrintHelper: void printBitmap(java.lang.String,android.graphics.Bitmap)
android.support.v4.print.PrintHelper: void printBitmap(java.lang.String,android.net.Uri)
android.support.v4.print.PrintHelper$1
android.support.v4.print.PrintHelper$PrintHelperKitkatImpl
android.support.v4.print.PrintHelper$PrintHelperKitkatImpl: android.support.v4.print.PrintHelperKitkat printHelper
android.support.v4.print.PrintHelper$PrintHelperKitkatImpl: PrintHelper$PrintHelperKitkatImpl(android.content.Context)
android.support.v4.print.PrintHelper$PrintHelperKitkatImpl: void setScaleMode(int)
android.support.v4.print.PrintHelper$PrintHelperKitkatImpl: int getScaleMode()
android.support.v4.print.PrintHelper$PrintHelperKitkatImpl: void setColorMode(int)
android.support.v4.print.PrintHelper$PrintHelperKitkatImpl: int getColorMode()
android.support.v4.print.PrintHelper$PrintHelperKitkatImpl: void printBitmap(java.lang.String,android.graphics.Bitmap)
android.support.v4.print.PrintHelper$PrintHelperKitkatImpl: void printBitmap(java.lang.String,android.net.Uri)