MyFirstJob/proguard/mapping.txt
com.example.myfirstjob.AboutUS -> com.example.myfirstjob.AboutUS:
    android.widget.ImageView backToMain -> a
    void onCreate(android.os.Bundle) -> onCreate
    boolean onCreateOptionsMenu(android.view.Menu) -> onCreateOptionsMenu
com.example.myfirstjob.AboutUS$1 -> com.example.myfirstjob.a:
    com.example.myfirstjob.AboutUS this$0 -> a
    void onClick(android.view.View) -> onClick
com.example.myfirstjob.Answer -> com.example.myfirstjob.Answer:
    android.widget.ImageView backImg -> a
    android.widget.EditText contentEdt -> b
    android.widget.Button answerBtn -> c
    android.database.sqlite.SQLiteDatabase db -> d
    void onCreate(android.os.Bundle) -> onCreate
    void initView() -> a
    void setOnclick() -> b
    void querySqlite() -> c
    android.widget.EditText access$0(com.example.myfirstjob.Answer) -> a
    android.database.sqlite.SQLiteDatabase access$1(com.example.myfirstjob.Answer) -> b
com.example.myfirstjob.Answer$1 -> com.example.myfirstjob.b:
    com.example.myfirstjob.Answer this$0 -> a
    void onClick(android.view.View) -> onClick
com.example.myfirstjob.Answer$2 -> com.example.myfirstjob.c:
    com.example.myfirstjob.Answer this$0 -> a
    void onClick(android.view.View) -> onClick
com.example.myfirstjob.Camera -> com.example.myfirstjob.Camera:
    android.widget.ImageView closeImageView -> a
    android.widget.ImageView takePicImageView -> b
    android.widget.ImageView picImageView -> c
    android.widget.ImageView userHeadImageView -> d
    android.graphics.Bitmap photo -> e
    java.io.File tempFile -> f
    android.widget.Button upButton -> g
    void onCreate(android.os.Bundle) -> onCreate
    void initView() -> a
    void setOnClick() -> b
    java.lang.String getPhotoFileName() -> c
    void startPhotoZoom(android.net.Uri) -> a
    void sentPicToNext(android.content.Intent) -> a
    void onActivityResult(int,int,android.content.Intent) -> onActivityResult
    java.lang.String queryFile() -> d
    void saveMyBitmap(java.lang.String) -> a
    java.io.File access$0(com.example.myfirstjob.Camera) -> a
    android.graphics.Bitmap access$1(com.example.myfirstjob.Camera) -> b
    void access$2(com.example.myfirstjob.Camera,java.lang.String) -> a
com.example.myfirstjob.Camera$1 -> com.example.myfirstjob.d:
    com.example.myfirstjob.Camera this$0 -> a
    void onClick(android.view.View) -> onClick
com.example.myfirstjob.Camera$2 -> com.example.myfirstjob.e:
    com.example.myfirstjob.Camera this$0 -> a
    void onClick(android.view.View) -> onClick
com.example.myfirstjob.Camera$3 -> com.example.myfirstjob.f:
    com.example.myfirstjob.Camera this$0 -> a
    void onClick(android.view.View) -> onClick
com.example.myfirstjob.Camera$4 -> com.example.myfirstjob.g:
    com.example.myfirstjob.Camera this$0 -> a
    void onClick(android.view.View) -> onClick
com.example.myfirstjob.CreateQuest -> com.example.myfirstjob.CreateQuest:
    android.widget.ImageView backToMain -> a
    android.widget.Button submitBtn -> b
    android.widget.EditText titleEdt -> c
    android.widget.EditText questionEditText -> d
    android.database.sqlite.SQLiteDatabase db -> e
    void onCreate(android.os.Bundle) -> onCreate
    boolean onCreateOptionsMenu(android.view.Menu) -> onCreateOptionsMenu
    void querySqlite() -> a
    android.widget.EditText access$0(com.example.myfirstjob.CreateQuest) -> a
    android.widget.EditText access$1(com.example.myfirstjob.CreateQuest) -> b
    android.database.sqlite.SQLiteDatabase access$2(com.example.myfirstjob.CreateQuest) -> c
com.example.myfirstjob.CreateQuest$1 -> com.example.myfirstjob.h:
    com.example.myfirstjob.CreateQuest this$0 -> a
    void onClick(android.view.View) -> onClick
com.example.myfirstjob.CreateQuest$2 -> com.example.myfirstjob.i:
    com.example.myfirstjob.CreateQuest this$0 -> a
    void onClick(android.view.View) -> onClick
...
android.support.v4.view.accessibility.AccessibilityRecordCompatJellyBean -> android.support.v4.view.accessibility.AccessibilityRecordCompatJellyBean:
    void setSource(java.lang.Object,android.view.View,int) -> setSource
android.support.v4.widget.AutoScrollHelper -> android.support.v4.widget.AutoScrollHelper:
    float RELATIVE_UNSPECIFIED -> RELATIVE_UNSPECIFIED
    float NO_MAX -> NO_MAX
    float NO_MIN -> NO_MIN
    int EDGE_TYPE_INSIDE -> EDGE_TYPE_INSIDE
    int EDGE_TYPE_INSIDE_EXTEND -> EDGE_TYPE_INSIDE_EXTEND
    int EDGE_TYPE_OUTSIDE -> EDGE_TYPE_OUTSIDE
    int HORIZONTAL -> HORIZONTAL
    int VERTICAL -> VERTICAL
    android.support.v4.widget.AutoScrollHelper$ClampedScroller mScroller -> mScroller
    android.view.animation.Interpolator mEdgeInterpolator -> mEdgeInterpolator
    android.view.View mTarget -> mTarget
    java.lang.Runnable mRunnable -> mRunnable
    float[] mRelativeEdges -> mRelativeEdges
    float[] mMaximumEdges -> mMaximumEdges
    int mEdgeType -> mEdgeType
    int mActivationDelay -> mActivationDelay
    float[] mRelativeVelocity -> mRelativeVelocity
    float[] mMinimumVelocity -> mMinimumVelocity
    float[] mMaximumVelocity -> mMaximumVelocity
    boolean mAlreadyDelayed -> mAlreadyDelayed
    boolean mNeedsReset -> mNeedsReset
    boolean mNeedsCancel -> mNeedsCancel
    boolean mAnimating -> mAnimating
    boolean mEnabled -> mEnabled
    boolean mExclusive -> mExclusive
    int DEFAULT_EDGE_TYPE -> DEFAULT_EDGE_TYPE
    int DEFAULT_MINIMUM_VELOCITY_DIPS -> DEFAULT_MINIMUM_VELOCITY_DIPS
    int DEFAULT_MAXIMUM_VELOCITY_DIPS -> DEFAULT_MAXIMUM_VELOCITY_DIPS
    float DEFAULT_MAXIMUM_EDGE -> DEFAULT_MAXIMUM_EDGE
android.support.v4.widget.AutoScrollHelper$1 -> android.support.v4.widget.AutoScrollHelper$1:
android.support.v4.widget.AutoScrollHelper$ClampedScroller -> android.support.v4.widget.AutoScrollHelper$ClampedScroller:
    int mRampUpDuration -> mRampUpDuration
    int mRampDownDuration -> mRampDownDuration
    float mTargetVelocityX -> mTargetVelocityX
    float mTargetVelocityY -> mTargetVelocityY
    long mStartTime -> mStartTime
    long mDeltaTime -> mDeltaTime
    int mDeltaX -> mDeltaX
    int mDeltaY -> mDeltaY
    long mStopTime -> mStopTime
    float mStopValue -> mStopValue
    int mEffectiveRampDown -> mEffectiveRampDown
    void setRampUpDuration(int) -> setRampUpDuration
    void setRampDownDuration(int) -> setRampDownDuration
    void start() -> start
    void requestStop() -> requestStop
    boolean isFinished() -> isFinished
    float getValueAt(long) -> getValueAt
    float interpolateValue(float) -> interpolateValue
    void computeScrollDelta() -> computeScrollDelta
    void setTargetVelocity(float,float) -> setTargetVelocity
    int getHorizontalDirection() -> getHorizontalDirection
    int getVerticalDirection() -> getVerticalDirection
    int getDeltaX() -> getDeltaX
    int getDeltaY() -> getDeltaY
android.support.v4.widget.AutoScrollHelper$ScrollAnimationRunnable -> android.support.v4.widget.AutoScrollHelper$ScrollAnimationRunnable:
    android.support.v4.widget.AutoScrollHelper this$0 -> this$0
    void run() -> run